<?xml version="1.0" encoding="UTF-8"?>
<!-- Generated by org.testng.reporters.JUnitReportReporter -->
<testsuite hostname="Laptop-PR-15" failures="0" tests="3" name="emailAutomation.EngineRunner.EngineRunner" time="61.931" errors="0" timestamp="2022-07-13T11:49:46 IST" skipped="0">
  <testcase classname="emailAutomation.EngineRunner.EngineRunner" name="runScenario" time="30.229"/>
  <system-out/>
  <testcase classname="emailAutomation.EngineRunner.EngineRunner" name="runScenario" time="17.215"/>
  <system-out/>
  <testcase classname="emailAutomation.EngineRunner.EngineRunner" name="runScenario" time="14.487"/>
  <system-out/>
</testsuite> <!-- emailAutomation.EngineRunner.EngineRunner -->
