<?xml version="1.0" encoding="UTF-8"?>
<!-- Generated by org.testng.reporters.JUnitReportReporter -->
<testsuite hostname="Laptop-PR-15" failures="0" tests="3" name="emailAutomation.EngineRunner.EngineRunner" time="58.391" errors="0" timestamp="2022-07-13T00:26:13 IST" skipped="0">
  <testcase classname="emailAutomation.EngineRunner.EngineRunner" name="runScenario" time="29.955"/>
  <system-out/>
  <testcase classname="emailAutomation.EngineRunner.EngineRunner" name="runScenario" time="15.599"/>
  <system-out/>
  <testcase classname="emailAutomation.EngineRunner.EngineRunner" name="runScenario" time="12.837"/>
  <system-out/>
</testsuite> <!-- emailAutomation.EngineRunner.EngineRunner -->
